<?xml version="1.0" encoding="UTF-8"?>
<testng-results skipped="0" failed="0" total="1" passed="1">
  <reporter-output>
  </reporter-output>
  <suite name="Default suite" duration-ms="270" started-at="2017-12-26T17:04:18Z" finished-at="2017-12-26T17:04:18Z">
    <groups>
    </groups>
    <test name="Default test" duration-ms="270" started-at="2017-12-26T17:04:18Z" finished-at="2017-12-26T17:04:18Z">
      <class name="demo.TC1">
        <test-method status="PASS" signature="applicationLogin()[pri:0, instance:demo.TC1@1e7a66b]" name="applicationLogin" duration-ms="181" started-at="2017-12-26T22:34:18Z" finished-at="2017-12-26T22:34:18Z">
          <reporter-output>
          </reporter-output>
        </test-method> <!-- applicationLogin -->
      </class> <!-- demo.TC1 -->
    </test> <!-- Default test -->
  </suite> <!-- Default suite -->
</testng-results>
